app/build/outputs/logs/manifest-merger-debug-report.txt
-- Merging decision tree log ---
manifest
ADDED from src/main/AndroidManifest.xml:2:1-154:12
	package
		ADDED from src/main/AndroidManifest.xml:3:5-25
		INJECTED from src/main/AndroidManifest.xml
		INJECTED from src/main/AndroidManifest.xml
	android:versionName
		ADDED from src/main/AndroidManifest.xml:5:5-46
		INJECTED from src/main/AndroidManifest.xml
		INJECTED from src/main/AndroidManifest.xml
	android:versionCode
		ADDED from src/main/AndroidManifest.xml:4:5-28
		INJECTED from src/main/AndroidManifest.xml
		INJECTED from src/main/AndroidManifest.xml
	xmlns:android
		ADDED from src/main/AndroidManifest.xml:2:11-69
uses-sdk
ADDED from src/main/AndroidManifest.xml:7:5-9:41
	android:targetSdkVersion
		ADDED from src/main/AndroidManifest.xml:9:9-38
		INJECTED from src/main/AndroidManifest.xml
		INJECTED from src/main/AndroidManifest.xml
	android:minSdkVersion
		ADDED from src/main/AndroidManifest.xml:8:9-34
		INJECTED from src/main/AndroidManifest.xml
		INJECTED from src/main/AndroidManifest.xml
uses-permission#android.permission.INTERNET
ADDED from src/main/AndroidManifest.xml:11:5-67
	android:name
		ADDED from src/main/AndroidManifest.xml:11:22-64
uses-permission#android.permission.SYSTEM_ALERT_WINDOW
ADDED from src/main/AndroidManifest.xml:12:5-78
	android:name
		ADDED from src/main/AndroidManifest.xml:12:22-75
uses-permission#android.permission.ACCESS_NETWORK_STATE
ADDED from src/main/AndroidManifest.xml:13:5-79
	android:name
		ADDED from src/main/AndroidManifest.xml:13:22-76
uses-permission#android.permission.VIBRATE
ADDED from src/main/AndroidManifest.xml:14:5-66
	android:name
		ADDED from src/main/AndroidManifest.xml:14:22-63
uses-permission#android.permission.WAKE_LOCK
ADDED from src/main/AndroidManifest.xml:15:5-68
	android:name
		ADDED from src/main/AndroidManifest.xml:15:22-65
uses-permission#android.permission.RECEIVE_BOOT_COMPLETED
ADDED from src/main/AndroidManifest.xml:16:5-81
	android:name
		ADDED from src/main/AndroidManifest.xml:16:22-78
uses-permission#android.permission.GET_TASKS
ADDED from src/main/AndroidManifest.xml:17:5-68
	android:name
		ADDED from src/main/AndroidManifest.xml:17:22-65
uses-permission#android.permission.MODIFY_AUDIO_SETTINGS
ADDED from src/main/AndroidManifest.xml:18:5-80
	android:name
		ADDED from src/main/AndroidManifest.xml:18:22-77
uses-permission#android.permission.ACCESS_WIFI_STATE
ADDED from src/main/AndroidManifest.xml:23:5-76
	android:name
		ADDED from src/main/AndroidManifest.xml:23:22-73
uses-permission#android.permission.CHANGE_WIFI_STATE
ADDED from src/main/AndroidManifest.xml:25:5-76
	android:name
		ADDED from src/main/AndroidManifest.xml:25:22-73
uses-permission#android.permission.CHANGE_CONFIGURATION
ADDED from src/main/AndroidManifest.xml:26:5-79
	android:name
		ADDED from src/main/AndroidManifest.xml:26:22-76
uses-permission#android.permission.ACCESS_COARSE_LOCATION
ADDED from src/main/AndroidManifest.xml:38:5-81
	android:name
		ADDED from src/main/AndroidManifest.xml:38:22-78
uses-permission#android.permission.ACCESS_FINE_LOCATION
ADDED from src/main/AndroidManifest.xml:40:5-79
	android:name
		ADDED from src/main/AndroidManifest.xml:40:22-76
uses-permission#android.permission.WRITE_EXTERNAL_STORAGE
ADDED from src/main/AndroidManifest.xml:43:5-81
	android:name
		ADDED from src/main/AndroidManifest.xml:43:22-78
uses-permission#android.permission.MOUNT_UNMOUNT_FILESYSTEMS
ADDED from src/main/AndroidManifest.xml:44:5-83
	android:name
		ADDED from src/main/AndroidManifest.xml:44:22-81
uses-permission#android.permission.READ_EXTERNAL_STORAGE
ADDED from src/main/AndroidManifest.xml:46:5-80
	android:name
		ADDED from src/main/AndroidManifest.xml:46:22-77
uses-permission#android.permission.READ_PHONE_STATE
ADDED from src/main/AndroidManifest.xml:49:5-75
	android:name
		ADDED from src/main/AndroidManifest.xml:49:22-72
uses-permission#android.permission.WRITE_SETTINGS
ADDED from src/main/AndroidManifest.xml:52:5-73
	android:name
		ADDED from src/main/AndroidManifest.xml:52:22-70
application
ADDED from src/main/AndroidManifest.xml:54:5-152:19
	android:label
		ADDED from src/main/AndroidManifest.xml:57:9-41
	android:icon
		ADDED from src/main/AndroidManifest.xml:56:9-45
	android:theme
		ADDED from src/main/AndroidManifest.xml:58:9-50
	android:name
		ADDED from src/main/AndroidManifest.xml:55:9-41
meta-data#com.amap.api.v2.apikey
ADDED from src/main/AndroidManifest.xml:59:9-61:64
	android:value
		ADDED from src/main/AndroidManifest.xml:61:13-61
	android:name
		ADDED from src/main/AndroidManifest.xml:60:13-50
service#com.amap.api.location.APSService
ADDED from src/main/AndroidManifest.xml:63:9-64:19
	android:name
		ADDED from src/main/AndroidManifest.xml:63:18-65
activity#com.way.activity.SplashActivity
ADDED from src/main/AndroidManifest.xml:66:9-75:20
	android:screenOrientation
		ADDED from src/main/AndroidManifest.xml:68:13-49
	android:theme
		ADDED from src/main/AndroidManifest.xml:69:13-54
	android:name
		ADDED from src/main/AndroidManifest.xml:67:13-59
intent-filter#android.intent.action.MAIN+android.intent.category.LAUNCHER
ADDED from src/main/AndroidManifest.xml:70:13-74:29
action#android.intent.action.MAIN
ADDED from src/main/AndroidManifest.xml:71:17-69
	android:name
		ADDED from src/main/AndroidManifest.xml:71:25-66
category#android.intent.category.LAUNCHER
ADDED from src/main/AndroidManifest.xml:73:17-77
	android:name
		ADDED from src/main/AndroidManifest.xml:73:27-74
activity#com.way.activity.LoginActivity
ADDED from src/main/AndroidManifest.xml:76:9-86:20
	android:screenOrientation
		ADDED from src/main/AndroidManifest.xml:78:13-49
	android:windowSoftInputMode
		ADDED from src/main/AndroidManifest.xml:80:13-70
	android:theme
		ADDED from src/main/AndroidManifest.xml:79:13-54
	android:name
		ADDED from src/main/AndroidManifest.xml:77:13-58
intent-filter#android.intent.category.DEFAULT+com.way.xx.action.LOGIN
ADDED from src/main/AndroidManifest.xml:81:13-85:29
action#com.way.xx.action.LOGIN
ADDED from src/main/AndroidManifest.xml:82:17-66
	android:name
		ADDED from src/main/AndroidManifest.xml:82:25-63
category#android.intent.category.DEFAULT
ADDED from src/main/AndroidManifest.xml:84:17-76
	android:name
		ADDED from src/main/AndroidManifest.xml:84:27-73
activity#com.way.activity.MainActivity
ADDED from src/main/AndroidManifest.xml:87:9-93:20
	android:screenOrientation
		ADDED from src/main/AndroidManifest.xml:90:13-49
	android:label
		ADDED from src/main/AndroidManifest.xml:89:13-45
	android:windowSoftInputMode
		ADDED from src/main/AndroidManifest.xml:92:13-70
	android:theme
		ADDED from src/main/AndroidManifest.xml:91:13-54
	android:name
		ADDED from src/main/AndroidManifest.xml:88:13-57
activity#com.way.activity.ChatActivity
ADDED from src/main/AndroidManifest.xml:94:9-108:20
	android:hardwareAccelerated
		ADDED from src/main/AndroidManifest.xml:99:13-47
	android:launchMode
		ADDED from src/main/AndroidManifest.xml:100:13-43
	android:exported
		ADDED from src/main/AndroidManifest.xml:98:13-36
	android:windowSoftInputMode
		ADDED from src/main/AndroidManifest.xml:102:13-67
	android:configChanges
		ADDED from src/main/AndroidManifest.xml:97:13-81
	android:alwaysRetainTaskState
		ADDED from src/main/AndroidManifest.xml:96:13-49
	android:theme
		ADDED from src/main/AndroidManifest.xml:101:13-64
	android:name
		ADDED from src/main/AndroidManifest.xml:95:13-57
intent-filter#android.intent.category.DEFAULT+com.way.xx.action.CHAT
ADDED from src/main/AndroidManifest.xml:103:13-107:29
action#com.way.xx.action.CHAT
ADDED from src/main/AndroidManifest.xml:104:17-65
	android:name
		ADDED from src/main/AndroidManifest.xml:104:25-62
activity#com.way.activity.AboutActivity
ADDED from src/main/AndroidManifest.xml:109:9-118:20
	android:hardwareAccelerated
		ADDED from src/main/AndroidManifest.xml:114:13-47
	android:launchMode
		ADDED from src/main/AndroidManifest.xml:115:13-43
	android:exported
		ADDED from src/main/AndroidManifest.xml:113:13-36
	android:windowSoftInputMode
		ADDED from src/main/AndroidManifest.xml:117:13-67
	android:configChanges
		ADDED from src/main/AndroidManifest.xml:112:13-81
	android:alwaysRetainTaskState
		ADDED from src/main/AndroidManifest.xml:111:13-49
	android:theme
		ADDED from src/main/AndroidManifest.xml:116:13-64
	android:name
		ADDED from src/main/AndroidManifest.xml:110:13-58
activity#com.way.activity.FeedBackActivity
ADDED from src/main/AndroidManifest.xml:119:9-128:20
	android:hardwareAccelerated
		ADDED from src/main/AndroidManifest.xml:124:13-47
	android:launchMode
		ADDED from src/main/AndroidManifest.xml:125:13-43
	android:exported
		ADDED from src/main/AndroidManifest.xml:123:13-36
	android:windowSoftInputMode
		ADDED from src/main/AndroidManifest.xml:127:13-67
	android:configChanges
		ADDED from src/main/AndroidManifest.xml:122:13-81
	android:alwaysRetainTaskState
		ADDED from src/main/AndroidManifest.xml:121:13-49
	android:theme
		ADDED from src/main/AndroidManifest.xml:126:13-64
	android:name
		ADDED from src/main/AndroidManifest.xml:120:13-61
activity#com.way.activity.ImageShow
ADDED from src/main/AndroidManifest.xml:129:9-131:20
	android:name
		ADDED from src/main/AndroidManifest.xml:130:13-54
activity#com.way.activity.PetActivity
ADDED from src/main/AndroidManifest.xml:132:9-134:20
	android:name
		ADDED from src/main/AndroidManifest.xml:133:13-56
service#com.way.service.XXService
ADDED from src/main/AndroidManifest.xml:136:9-61
	android:name
		ADDED from src/main/AndroidManifest.xml:136:18-58
receiver#com.way.app.XXBroadcastReceiver
ADDED from src/main/AndroidManifest.xml:138:9-144:20
	android:name
		ADDED from src/main/AndroidManifest.xml:138:19-65
intent-filter#android.intent.action.ACTION_SHUTDOWN+android.intent.action.BOOT_COMPLETED+android.net.conn.CONNECTIVITY_CHANGE
ADDED from src/main/AndroidManifest.xml:139:13-143:29
action#android.intent.action.BOOT_COMPLETED
ADDED from src/main/AndroidManifest.xml:140:17-79
	android:name
		ADDED from src/main/AndroidManifest.xml:140:25-76
action#android.intent.action.ACTION_SHUTDOWN
ADDED from src/main/AndroidManifest.xml:141:17-80
	android:name
		ADDED from src/main/AndroidManifest.xml:141:25-77
action#android.net.conn.CONNECTIVITY_CHANGE
ADDED from src/main/AndroidManifest.xml:142:17-79
	android:name
		ADDED from src/main/AndroidManifest.xml:142:25-76
provider#com.way.db.ChatProvider
ADDED from src/main/AndroidManifest.xml:146:9-148:63
	android:authorities
		ADDED from src/main/AndroidManifest.xml:148:13-60
	android:name
		ADDED from src/main/AndroidManifest.xml:147:13-51
provider#com.way.db.RosterProvider
ADDED from src/main/AndroidManifest.xml:149:9-151:64
	android:authorities
		ADDED from src/main/AndroidManifest.xml:151:13-61
	android:name
		ADDED from src/main/AndroidManifest.xml:150:13-53